<?xml version="1.0" encoding="UTF-8"?>
<!-- Generated by org.testng.reporters.JUnitXMLReporter -->
<testsuite ignored="1" hostname="Nishchay" failures="0" tests="6" name="Car Loan" time="0.059" errors="0" timestamp="2024-05-12T16:54:38 IST">
  <testcase classname="test1.day3" name="WebLoginCarLoan" time="0.008"/>
  <testcase classname="test1.day3" name="WebSigninCarLoan" time="0.002"/>
  <testcase classname="test1.day3" name="WebSignoutCarLoan" time="0.003"/>
  <testcase classname="test1.day3" name="WebSignoutCarLoan" time="0.001"/>
  <testcase classname="test1.day3" name="WebSignoutCarLoan" time="0.002"/>
  <testcase classname="test1.day3" name="ApiLoginCarLoan" time="0.002"/>
  <testcase classname="test1.day3" name="MobileLoginCarLoan" time="0.0">
    <ignored/>
  </testcase> <!-- MobileLoginCarLoan -->
</testsuite> <!-- Car Loan -->
